<?xml version="1.0" encoding="UTF-8"?>
<!-- Generated by org.testng.reporters.JUnitReportReporter -->
<testsuite skipped="0" hostname="admin-PC" name="store.pages.test.LoginPageTest" tests="1" failures="0" timestamp="07 Oct 2018 02:31:42 GMT" time="6.283" errors="0">
  <testcase name="userlogin" time="6.283" classname="store.pages.test.LoginPageTest"/>
</testsuite> <!-- store.pages.test.LoginPageTest -->
