<?xml version="1.0" encoding="UTF-8"?>
<!-- Generated by org.testng.reporters.JUnitReportReporter -->
<testsuite skipped="0" hostname="admin-PC" name="store.pages.test.LoginPageTest" tests="1" failures="0" timestamp="13 Oct 2018 04:46:58 GMT" time="5.419" errors="0">
  <testcase name="userlogin" time="5.419" classname="store.pages.test.LoginPageTest"/>
</testsuite> <!-- store.pages.test.LoginPageTest -->
